<?xml version="1.0" encoding="UTF-8"?>
<!-- Generated by org.testng.reporters.JUnitReportReporter -->
<testsuite hostname="DESKTOP-9EOIIEI" failures="0" tests="3" name="test.LoginPageTest" time="22.635" errors="0" timestamp="2022-06-18T13:41:45 IST" skipped="0">
  <testcase classname="test.LoginPageTest" name="forgotpassword" time="10.652"/>
  <system-out/>
  <testcase classname="test.LoginPageTest" name="loginvalidcredentialTest" time="6.084"/>
  <system-out/>
  <testcase classname="test.LoginPageTest" name="ClickOnLoginWithotData" time="5.899"/>
  <system-out/>
</testsuite> <!-- test.LoginPageTest -->
