<?xml version="1.0" encoding="UTF-8"?>
<!-- Generated by org.testng.reporters.JUnitReportReporter -->
<testsuite hostname="DESKTOP-9EOIIEI" failures="0" tests="1" name="test.Zerodhasignuptest" time="8.891" errors="0" timestamp="2022-06-09T10:53:38 IST" skipped="0">
  <testcase classname="test.Zerodhasignuptest" name="validsignupclick" time="8.891"/>
  <system-out/>
</testsuite> <!-- test.Zerodhasignuptest -->
