<?xml version="1.0" encoding="UTF-8"?>
<!-- Generated by org.testng.reporters.JUnitReportReporter -->
<testsuite hostname="DESKTOP-9EOIIEI" failures="0" tests="2" name="POM.ZerodhaHomePage" time="0.003" errors="0" timestamp="2022-06-05T14:59:26 IST" skipped="0">
  <testcase classname="POM.ZerodhaHomePage" name="homepage" time="0.002"/>
  <system-out/>
  <testcase classname="POM.ZerodhaHomePage" name="loginpage" time="0.001"/>
  <system-out/>
</testsuite> <!-- POM.ZerodhaHomePage -->
