<?xml version="1.0" encoding="UTF-8"?>
<!-- Generated by org.testng.reporters.JUnitReportReporter -->
<testsuite hostname="DESKTOP-9EOIIEI" failures="0" tests="1" name="test.PinPageTest" time="15.837" errors="0" timestamp="2022-06-14T13:53:17 IST" skipped="0">
  <testcase classname="test.PinPageTest" name="loginvalidcredentialTest" time="15.837"/>
  <system-out/>
</testsuite> <!-- test.PinPageTest -->
